2023-07-06 11:44:42,617 INFO com.GasBookingApplocation [main] Starting GasBookingApplocation using Java 17.0.1 on LIN24008686 with PID 6472 (C:\Users\RKHIRAD\Documents\Spring Project\GasBookingApplication\target\classes started by rkhirad in C:\Users\RKHIRAD\Documents\Spring Project\GasBookingApplication)
2023-07-06 11:44:42,611 INFO org.hibernate.validator.internal.util.Version [background-preinit] HV000001: Hibernate Validator 6.2.2.Final
2023-07-06 11:44:42,620 INFO com.GasBookingApplocation [main] No active profile set, falling back to 1 default profile: "default"
2023-07-06 11:44:43,915 INFO org.springframework.data.repository.config.RepositoryConfigurationDelegate [main] Bootstrapping Spring Data JPA repositories in DEFAULT mode.
2023-07-06 11:44:44,068 INFO org.springframework.data.repository.config.RepositoryConfigurationDelegate [main] Finished Spring Data repository scanning in 142 ms. Found 1 JPA repository interfaces.
2023-07-06 11:44:44,725 INFO org.springframework.boot.web.embedded.tomcat.TomcatWebServer [main] Tomcat initialized with port(s): 8000 (http)
2023-07-06 11:44:44,737 INFO org.apache.coyote.http11.Http11NioProtocol [main] Initializing ProtocolHandler ["http-nio-8000"]
2023-07-06 11:44:44,737 INFO org.apache.catalina.core.StandardService [main] Starting service [Tomcat]
2023-07-06 11:44:44,738 INFO org.apache.catalina.core.StandardEngine [main] Starting Servlet engine: [Apache Tomcat/9.0.58]
2023-07-06 11:44:44,865 INFO org.apache.catalina.core.ContainerBase.[Tomcat].[localhost].[/] [main] Initializing Spring embedded WebApplicationContext
2023-07-06 11:44:44,865 INFO org.springframework.boot.web.servlet.context.ServletWebServerApplicationContext [main] Root WebApplicationContext: initialization completed in 2197 ms
2023-07-06 11:44:45,069 INFO org.hibernate.jpa.internal.util.LogHelper [main] HHH000204: Processing PersistenceUnitInfo [name: default]
2023-07-06 11:44:45,153 INFO org.hibernate.Version [main] HHH000412: Hibernate ORM core version 5.6.5.Final
2023-07-06 11:44:45,355 INFO org.hibernate.annotations.common.Version [main] HCANN000001: Hibernate Commons Annotations {5.1.2.Final}
2023-07-06 11:44:45,473 INFO com.zaxxer.hikari.HikariDataSource [main] HikariPool-1 - Starting...
2023-07-06 11:44:45,710 INFO com.zaxxer.hikari.HikariDataSource [main] HikariPool-1 - Start completed.
2023-07-06 11:44:45,741 INFO org.hibernate.dialect.Dialect [main] HHH000400: Using dialect: org.hibernate.dialect.PostgreSQL10Dialect
2023-07-06 11:44:46,299 INFO org.hibernate.engine.transaction.jta.platform.internal.JtaPlatformInitiator [main] HHH000490: Using JtaPlatform implementation: [org.hibernate.engine.transaction.jta.platform.internal.NoJtaPlatform]
2023-07-06 11:44:46,304 INFO org.springframework.orm.jpa.LocalContainerEntityManagerFactoryBean [main] Initialized JPA EntityManagerFactory for persistence unit 'default'
2023-07-06 11:44:46,725 WARN org.springframework.boot.autoconfigure.orm.jpa.JpaBaseConfiguration$JpaWebConfiguration [main] spring.jpa.open-in-view is enabled by default. Therefore, database queries may be performed during view rendering. Explicitly configure spring.jpa.open-in-view to disable this warning
2023-07-06 11:44:47,095 INFO org.apache.coyote.http11.Http11NioProtocol [main] Starting ProtocolHandler ["http-nio-8000"]
2023-07-06 11:44:47,127 INFO org.springframework.boot.web.embedded.tomcat.TomcatWebServer [main] Tomcat started on port(s): 8000 (http) with context path ''
2023-07-06 11:44:47,290 INFO com.GasBookingApplocation [main] Started GasBookingApplocation in 5.025 seconds (JVM running for 5.874)
2023-07-06 11:44:51,610 INFO org.apache.catalina.core.ContainerBase.[Tomcat].[localhost].[/] [http-nio-8000-exec-1] Initializing Spring DispatcherServlet 'dispatcherServlet'
2023-07-06 11:44:51,610 INFO org.springframework.web.servlet.DispatcherServlet [http-nio-8000-exec-1] Initializing Servlet 'dispatcherServlet'
2023-07-06 11:44:51,611 INFO org.springframework.web.servlet.DispatcherServlet [http-nio-8000-exec-1] Completed initialization in 0 ms
2023-07-06 12:46:24,147 INFO org.springframework.boot.test.context.SpringBootTestContextBootstrapper [main] Neither @ContextConfiguration nor @ContextHierarchy found for test class [com.service.CustomerSeriveImplTest], using SpringBootContextLoader
2023-07-06 12:46:24,151 INFO org.springframework.test.context.support.AbstractContextLoader [main] Could not detect default resource locations for test class [com.service.CustomerSeriveImplTest]: no resource found for suffixes {-context.xml, Context.groovy}.
2023-07-06 12:46:24,152 INFO org.springframework.test.context.support.AnnotationConfigContextLoaderUtils [main] Could not detect default configuration classes for test class [com.service.CustomerSeriveImplTest]: CustomerSeriveImplTest does not declare any static, non-private, non-final, nested classes annotated with @Configuration.
2023-07-06 12:46:24,282 INFO org.springframework.boot.test.context.SpringBootTestContextBootstrapper [main] Found @SpringBootConfiguration com.GasBookingApplocation for test class com.service.CustomerSeriveImplTest
2023-07-06 12:46:24,389 INFO org.springframework.boot.test.context.SpringBootTestContextBootstrapper [main] Loaded default TestExecutionListener class names from location [META-INF/spring.factories]: [org.springframework.boot.test.mock.mockito.MockitoTestExecutionListener, org.springframework.boot.test.mock.mockito.ResetMocksTestExecutionListener, org.springframework.boot.test.autoconfigure.restdocs.RestDocsTestExecutionListener, org.springframework.boot.test.autoconfigure.web.client.MockRestServiceServerResetTestExecutionListener, org.springframework.boot.test.autoconfigure.web.servlet.MockMvcPrintOnlyOnFailureTestExecutionListener, org.springframework.boot.test.autoconfigure.web.servlet.WebDriverTestExecutionListener, org.springframework.boot.test.autoconfigure.webservices.client.MockWebServiceServerTestExecutionListener, org.springframework.test.context.web.ServletTestExecutionListener, org.springframework.test.context.support.DirtiesContextBeforeModesTestExecutionListener, org.springframework.test.context.event.ApplicationEventsTestExecutionListener, org.springframework.test.context.support.DependencyInjectionTestExecutionListener, org.springframework.test.context.support.DirtiesContextTestExecutionListener, org.springframework.test.context.transaction.TransactionalTestExecutionListener, org.springframework.test.context.jdbc.SqlScriptsTestExecutionListener, org.springframework.test.context.event.EventPublishingTestExecutionListener]
2023-07-06 12:46:24,407 INFO org.springframework.boot.test.context.SpringBootTestContextBootstrapper [main] Using TestExecutionListeners: [org.springframework.test.context.web.ServletTestExecutionListener@841e575, org.springframework.test.context.support.DirtiesContextBeforeModesTestExecutionListener@27a5328c, org.springframework.test.context.event.ApplicationEventsTestExecutionListener@1e5f4170, org.springframework.boot.test.mock.mockito.MockitoTestExecutionListener@6c345c5f, org.springframework.boot.test.autoconfigure.SpringBootDependencyInjectionTestExecutionListener@6b5966e1, org.springframework.test.context.support.DirtiesContextTestExecutionListener@65e61854, org.springframework.test.context.transaction.TransactionalTestExecutionListener@1568159, org.springframework.test.context.jdbc.SqlScriptsTestExecutionListener@4fcee388, org.springframework.test.context.event.EventPublishingTestExecutionListener@6f80fafe, org.springframework.boot.test.mock.mockito.ResetMocksTestExecutionListener@3af17be2, org.springframework.boot.test.autoconfigure.restdocs.RestDocsTestExecutionListener@f9879ac, org.springframework.boot.test.autoconfigure.web.client.MockRestServiceServerResetTestExecutionListener@37f21974, org.springframework.boot.test.autoconfigure.web.servlet.MockMvcPrintOnlyOnFailureTestExecutionListener@5f4d427e, org.springframework.boot.test.autoconfigure.web.servlet.WebDriverTestExecutionListener@6e521c1e, org.springframework.boot.test.autoconfigure.webservices.client.MockWebServiceServerTestExecutionListener@224b4d61]
2023-07-06 12:46:24,700 INFO com.service.CustomerSeriveImplTest [main] Starting CustomerSeriveImplTest using Java 17.0.1 on LIN24008686 with PID 17596 (started by rkhirad in C:\Users\RKHIRAD\Documents\Spring Project\GasBookingApplication)
2023-07-06 12:46:24,701 INFO com.service.CustomerSeriveImplTest [main] No active profile set, falling back to 1 default profile: "default"
2023-07-06 12:46:24,709 INFO org.hibernate.validator.internal.util.Version [background-preinit] HV000001: Hibernate Validator 6.2.2.Final
2023-07-06 12:46:26,076 INFO org.springframework.data.repository.config.RepositoryConfigurationDelegate [main] Bootstrapping Spring Data JPA repositories in DEFAULT mode.
2023-07-06 12:46:26,259 INFO org.springframework.data.repository.config.RepositoryConfigurationDelegate [main] Finished Spring Data repository scanning in 170 ms. Found 1 JPA repository interfaces.
2023-07-06 12:46:27,728 INFO org.hibernate.jpa.internal.util.LogHelper [main] HHH000204: Processing PersistenceUnitInfo [name: default]
2023-07-06 12:46:27,838 INFO org.hibernate.Version [main] HHH000412: Hibernate ORM core version 5.6.5.Final
2023-07-06 12:46:27,898 INFO org.hibernate.annotations.common.Version [main] HCANN000001: Hibernate Commons Annotations {5.1.2.Final}
2023-07-06 12:46:28,148 INFO com.zaxxer.hikari.HikariDataSource [main] HikariPool-1 - Starting...
2023-07-06 12:46:28,397 INFO com.zaxxer.hikari.HikariDataSource [main] HikariPool-1 - Start completed.
2023-07-06 12:46:28,443 INFO org.hibernate.dialect.Dialect [main] HHH000400: Using dialect: org.hibernate.dialect.PostgreSQL10Dialect
2023-07-06 12:46:28,943 INFO org.hibernate.engine.transaction.jta.platform.internal.JtaPlatformInitiator [main] HHH000490: Using JtaPlatform implementation: [org.hibernate.engine.transaction.jta.platform.internal.NoJtaPlatform]
2023-07-06 12:46:28,950 INFO org.springframework.orm.jpa.LocalContainerEntityManagerFactoryBean [main] Initialized JPA EntityManagerFactory for persistence unit 'default'
2023-07-06 12:46:29,421 WARN org.springframework.boot.autoconfigure.orm.jpa.JpaBaseConfiguration$JpaWebConfiguration [main] spring.jpa.open-in-view is enabled by default. Therefore, database queries may be performed during view rendering. Explicitly configure spring.jpa.open-in-view to disable this warning
2023-07-06 12:46:30,616 INFO com.service.CustomerSeriveImplTest [main] Started CustomerSeriveImplTest in 6.171 seconds (JVM running for 7.41)
2023-07-06 12:46:30,765 INFO org.springframework.orm.jpa.LocalContainerEntityManagerFactoryBean [SpringApplicationShutdownHook] Closing JPA EntityManagerFactory for persistence unit 'default'
2023-07-06 12:46:30,768 INFO com.zaxxer.hikari.HikariDataSource [SpringApplicationShutdownHook] HikariPool-1 - Shutdown initiated...
2023-07-06 12:46:30,778 INFO com.zaxxer.hikari.HikariDataSource [SpringApplicationShutdownHook] HikariPool-1 - Shutdown completed.
2023-07-06 13:52:23,161 INFO org.springframework.boot.admin.SpringApplicationAdminMXBeanRegistrar$SpringApplicationAdmin [RMI TCP Connection(131)-127.0.0.1] Application shutdown requested.
2023-07-06 13:52:23,267 INFO org.springframework.orm.jpa.LocalContainerEntityManagerFactoryBean [RMI TCP Connection(131)-127.0.0.1] Closing JPA EntityManagerFactory for persistence unit 'default'
2023-07-06 13:52:23,289 INFO com.zaxxer.hikari.HikariDataSource [RMI TCP Connection(131)-127.0.0.1] HikariPool-1 - Shutdown initiated...
2023-07-06 13:52:23,300 INFO com.zaxxer.hikari.HikariDataSource [RMI TCP Connection(131)-127.0.0.1] HikariPool-1 - Shutdown completed.
2023-07-06 13:52:27,940 INFO org.springframework.boot.test.context.SpringBootTestContextBootstrapper [main] Neither @ContextConfiguration nor @ContextHierarchy found for test class [com.service.CustomerSeriveImplTest], using SpringBootContextLoader
2023-07-06 13:52:27,946 INFO org.springframework.test.context.support.AbstractContextLoader [main] Could not detect default resource locations for test class [com.service.CustomerSeriveImplTest]: no resource found for suffixes {-context.xml, Context.groovy}.
2023-07-06 13:52:27,947 INFO org.springframework.test.context.support.AnnotationConfigContextLoaderUtils [main] Could not detect default configuration classes for test class [com.service.CustomerSeriveImplTest]: CustomerSeriveImplTest does not declare any static, non-private, non-final, nested classes annotated with @Configuration.
2023-07-06 13:52:28,109 INFO org.springframework.boot.test.context.SpringBootTestContextBootstrapper [main] Found @SpringBootConfiguration com.GasBookingApplocation for test class com.service.CustomerSeriveImplTest
2023-07-06 13:52:28,231 INFO org.springframework.boot.test.context.SpringBootTestContextBootstrapper [main] Loaded default TestExecutionListener class names from location [META-INF/spring.factories]: [org.springframework.boot.test.mock.mockito.MockitoTestExecutionListener, org.springframework.boot.test.mock.mockito.ResetMocksTestExecutionListener, org.springframework.boot.test.autoconfigure.restdocs.RestDocsTestExecutionListener, org.springframework.boot.test.autoconfigure.web.client.MockRestServiceServerResetTestExecutionListener, org.springframework.boot.test.autoconfigure.web.servlet.MockMvcPrintOnlyOnFailureTestExecutionListener, org.springframework.boot.test.autoconfigure.web.servlet.WebDriverTestExecutionListener, org.springframework.boot.test.autoconfigure.webservices.client.MockWebServiceServerTestExecutionListener, org.springframework.test.context.web.ServletTestExecutionListener, org.springframework.test.context.support.DirtiesContextBeforeModesTestExecutionListener, org.springframework.test.context.event.ApplicationEventsTestExecutionListener, org.springframework.test.context.support.DependencyInjectionTestExecutionListener, org.springframework.test.context.support.DirtiesContextTestExecutionListener, org.springframework.test.context.transaction.TransactionalTestExecutionListener, org.springframework.test.context.jdbc.SqlScriptsTestExecutionListener, org.springframework.test.context.event.EventPublishingTestExecutionListener]
2023-07-06 13:52:28,255 INFO org.springframework.boot.test.context.SpringBootTestContextBootstrapper [main] Using TestExecutionListeners: [org.springframework.test.context.web.ServletTestExecutionListener@319988b0, org.springframework.test.context.support.DirtiesContextBeforeModesTestExecutionListener@d5ae57e, org.springframework.test.context.event.ApplicationEventsTestExecutionListener@68759011, org.springframework.boot.test.mock.mockito.MockitoTestExecutionListener@7e242b4d, org.springframework.boot.test.autoconfigure.SpringBootDependencyInjectionTestExecutionListener@305f031, org.springframework.test.context.support.DirtiesContextTestExecutionListener@592e843a, org.springframework.test.context.transaction.TransactionalTestExecutionListener@1d1f7216, org.springframework.test.context.jdbc.SqlScriptsTestExecutionListener@423e4cbb, org.springframework.test.context.event.EventPublishingTestExecutionListener@6e16b8b5, org.springframework.boot.test.mock.mockito.ResetMocksTestExecutionListener@43b4fe19, org.springframework.boot.test.autoconfigure.restdocs.RestDocsTestExecutionListener@25ddbbbb, org.springframework.boot.test.autoconfigure.web.client.MockRestServiceServerResetTestExecutionListener@1536602f, org.springframework.boot.test.autoconfigure.web.servlet.MockMvcPrintOnlyOnFailureTestExecutionListener@4ebea12c, org.springframework.boot.test.autoconfigure.web.servlet.WebDriverTestExecutionListener@2a1edad4, org.springframework.boot.test.autoconfigure.webservices.client.MockWebServiceServerTestExecutionListener@6256ac4f]
2023-07-06 13:52:28,592 INFO com.service.CustomerSeriveImplTest [main] Starting CustomerSeriveImplTest using Java 17.0.1 on LIN24008686 with PID 9924 (started by rkhirad in C:\Users\RKHIRAD\Documents\Spring Project\GasBookingApplication)
2023-07-06 13:52:28,592 INFO com.service.CustomerSeriveImplTest [main] No active profile set, falling back to 1 default profile: "default"
2023-07-06 13:52:28,596 INFO org.hibernate.validator.internal.util.Version [background-preinit] HV000001: Hibernate Validator 6.2.2.Final
2023-07-06 13:52:29,944 INFO org.springframework.data.repository.config.RepositoryConfigurationDelegate [main] Bootstrapping Spring Data JPA repositories in DEFAULT mode.
2023-07-06 13:52:30,124 INFO org.springframework.data.repository.config.RepositoryConfigurationDelegate [main] Finished Spring Data repository scanning in 169 ms. Found 1 JPA repository interfaces.
2023-07-06 13:52:31,391 INFO org.hibernate.jpa.internal.util.LogHelper [main] HHH000204: Processing PersistenceUnitInfo [name: default]
2023-07-06 13:52:31,475 INFO org.hibernate.Version [main] HHH000412: Hibernate ORM core version 5.6.5.Final
2023-07-06 13:52:31,527 INFO org.hibernate.annotations.common.Version [main] HCANN000001: Hibernate Commons Annotations {5.1.2.Final}
2023-07-06 13:52:31,757 INFO com.zaxxer.hikari.HikariDataSource [main] HikariPool-1 - Starting...
2023-07-06 13:52:31,997 INFO com.zaxxer.hikari.HikariDataSource [main] HikariPool-1 - Start completed.
2023-07-06 13:52:32,040 INFO org.hibernate.dialect.Dialect [main] HHH000400: Using dialect: org.hibernate.dialect.PostgreSQL10Dialect
2023-07-06 13:52:32,668 INFO org.hibernate.engine.transaction.jta.platform.internal.JtaPlatformInitiator [main] HHH000490: Using JtaPlatform implementation: [org.hibernate.engine.transaction.jta.platform.internal.NoJtaPlatform]
2023-07-06 13:52:32,678 INFO org.springframework.orm.jpa.LocalContainerEntityManagerFactoryBean [main] Initialized JPA EntityManagerFactory for persistence unit 'default'
2023-07-06 13:52:33,281 WARN org.springframework.boot.autoconfigure.orm.jpa.JpaBaseConfiguration$JpaWebConfiguration [main] spring.jpa.open-in-view is enabled by default. Therefore, database queries may be performed during view rendering. Explicitly configure spring.jpa.open-in-view to disable this warning
2023-07-06 13:52:34,677 INFO com.service.CustomerSeriveImplTest [main] Started CustomerSeriveImplTest in 6.364 seconds (JVM running for 7.736)
2023-07-06 13:52:34,864 INFO org.springframework.orm.jpa.LocalContainerEntityManagerFactoryBean [SpringApplicationShutdownHook] Closing JPA EntityManagerFactory for persistence unit 'default'
2023-07-06 13:52:34,868 INFO com.zaxxer.hikari.HikariDataSource [SpringApplicationShutdownHook] HikariPool-1 - Shutdown initiated...
2023-07-06 13:52:34,880 INFO com.zaxxer.hikari.HikariDataSource [SpringApplicationShutdownHook] HikariPool-1 - Shutdown completed.
2023-07-06 13:52:47,660 INFO org.hibernate.validator.internal.util.Version [background-preinit] HV000001: Hibernate Validator 6.2.2.Final
2023-07-06 13:52:47,664 INFO com.GasBookingApplocation [main] Starting GasBookingApplocation using Java 17.0.1 on LIN24008686 with PID 22380 (C:\Users\RKHIRAD\Documents\Spring Project\GasBookingApplication\target\classes started by rkhirad in C:\Users\RKHIRAD\Documents\Spring Project\GasBookingApplication)
2023-07-06 13:52:47,664 INFO com.GasBookingApplocation [main] No active profile set, falling back to 1 default profile: "default"
2023-07-06 13:52:48,670 INFO org.springframework.data.repository.config.RepositoryConfigurationDelegate [main] Bootstrapping Spring Data JPA repositories in DEFAULT mode.
2023-07-06 13:52:48,773 INFO org.springframework.data.repository.config.RepositoryConfigurationDelegate [main] Finished Spring Data repository scanning in 95 ms. Found 1 JPA repository interfaces.
2023-07-06 13:52:49,268 INFO org.springframework.boot.web.embedded.tomcat.TomcatWebServer [main] Tomcat initialized with port(s): 8000 (http)
2023-07-06 13:52:49,277 INFO org.apache.coyote.http11.Http11NioProtocol [main] Initializing ProtocolHandler ["http-nio-8000"]
2023-07-06 13:52:49,278 INFO org.apache.catalina.core.StandardService [main] Starting service [Tomcat]
2023-07-06 13:52:49,278 INFO org.apache.catalina.core.StandardEngine [main] Starting Servlet engine: [Apache Tomcat/9.0.58]
2023-07-06 13:52:49,390 INFO org.apache.catalina.core.ContainerBase.[Tomcat].[localhost].[/] [main] Initializing Spring embedded WebApplicationContext
2023-07-06 13:52:49,391 INFO org.springframework.boot.web.servlet.context.ServletWebServerApplicationContext [main] Root WebApplicationContext: initialization completed in 1692 ms
2023-07-06 13:52:49,516 INFO org.hibernate.jpa.internal.util.LogHelper [main] HHH000204: Processing PersistenceUnitInfo [name: default]
2023-07-06 13:52:49,558 INFO org.hibernate.Version [main] HHH000412: Hibernate ORM core version 5.6.5.Final
2023-07-06 13:52:49,680 INFO org.hibernate.annotations.common.Version [main] HCANN000001: Hibernate Commons Annotations {5.1.2.Final}
2023-07-06 13:52:49,757 INFO com.zaxxer.hikari.HikariDataSource [main] HikariPool-1 - Starting...
2023-07-06 13:52:49,970 INFO com.zaxxer.hikari.HikariDataSource [main] HikariPool-1 - Start completed.
2023-07-06 13:52:49,992 INFO org.hibernate.dialect.Dialect [main] HHH000400: Using dialect: org.hibernate.dialect.PostgreSQL10Dialect
2023-07-06 13:52:50,504 INFO org.hibernate.engine.transaction.jta.platform.internal.JtaPlatformInitiator [main] HHH000490: Using JtaPlatform implementation: [org.hibernate.engine.transaction.jta.platform.internal.NoJtaPlatform]
2023-07-06 13:52:50,510 INFO org.springframework.orm.jpa.LocalContainerEntityManagerFactoryBean [main] Initialized JPA EntityManagerFactory for persistence unit 'default'
2023-07-06 13:52:50,976 WARN org.springframework.boot.autoconfigure.orm.jpa.JpaBaseConfiguration$JpaWebConfiguration [main] spring.jpa.open-in-view is enabled by default. Therefore, database queries may be performed during view rendering. Explicitly configure spring.jpa.open-in-view to disable this warning
2023-07-06 13:52:51,337 INFO org.apache.coyote.http11.Http11NioProtocol [main] Starting ProtocolHandler ["http-nio-8000"]
2023-07-06 13:52:51,378 INFO org.springframework.boot.web.embedded.tomcat.TomcatWebServer [main] Tomcat started on port(s): 8000 (http) with context path ''
2023-07-06 13:52:51,574 INFO com.GasBookingApplocation [main] Started GasBookingApplocation in 4.197 seconds (JVM running for 5.082)
2023-07-06 13:52:56,199 INFO org.apache.catalina.core.ContainerBase.[Tomcat].[localhost].[/] [http-nio-8000-exec-1] Initializing Spring DispatcherServlet 'dispatcherServlet'
2023-07-06 13:52:56,199 INFO org.springframework.web.servlet.DispatcherServlet [http-nio-8000-exec-1] Initializing Servlet 'dispatcherServlet'
2023-07-06 13:52:56,200 INFO org.springframework.web.servlet.DispatcherServlet [http-nio-8000-exec-1] Completed initialization in 1 ms
